Started HTTP and WebSocket JSON-RPC server at http://0.0.0.0:8545/

Accounts
========

WARNING: These accounts, and their private keys, are publicly known.
Any funds sent to them on Mainnet or any other live network WILL BE LOST.

Account #0: 0xf39Fd6e51aad88F6F4ce6aB8827279cffFb92266 (10000 ETH)
Private Key: 0xac0974bec39a17e36ba4a6b4d238ff944bacb478cbed5efcae784d7bf4f2ff80

Account #1: 0x70997970C51812dc3A010C7d01b50e0d17dc79C8 (10000 ETH)
Private Key: 0x59c6995e998f97a5a0044966f0945389dc9e86dae88c7a8412f4603b6b78690d

Account #2: 0x3C44CdDdB6a900fa2b585dd299e03d12FA4293BC (10000 ETH)
Private Key: 0x5de4111afa1a4b94908f83103eb1f1706367c2e68ca870fc3fb9a804cdab365a

Account #3: 0x90F79bf6EB2c4f870365E785982E1f101E93b906 (10000 ETH)
Private Key: 0x7c852118294e51e653712a81e05800f419141751be58f605c371e15141b007a6

Account #4: 0x15d34AAf54267DB7D7c367839AAf71A00a2C6A65 (10000 ETH)
Private Key: 0x47e179ec197488593b187f80a00eb0da91f1b9d0b13f8733639f19c30a34926a

Account #5: 0x9965507D1a55bcC2695C58ba16FB37d819B0A4dc (10000 ETH)
Private Key: 0x8b3a350cf5c34c9194ca85829a2df0ec3153be0318b5e2d3348e872092edffba

Account #6: 0x976EA74026E726554dB657fA54763abd0C3a0aa9 (10000 ETH)
Private Key: 0x92db14e403b83dfe3df233f83dfa3a0d7096f21ca9b0d6d6b8d88b2b4ec1564e

Account #7: 0x14dC79964da2C08b23698B3D3cc7Ca32193d9955 (10000 ETH)
Private Key: 0x4bbbf85ce3377467afe5d46f804f221813b2bb87f24d81f60f1fcdbf7cbf4356

Account #8: 0x23618e81E3f5cdF7f54C3d65f7FBc0aBf5B21E8f (10000 ETH)
Private Key: 0xdbda1821b80551c9d65939329250298aa3472ba22feea921c0cf5d620ea67b97

Account #9: 0xa0Ee7A142d267C1f36714E4a8F75612F20a79720 (10000 ETH)
Private Key: 0x2a871d0798f97d79848a013d4936a73bf4cc922c825d33c1cf7073dff6d409c6

Account #10: 0xBcd4042DE499D14e55001CcbB24a551F3b954096 (10000 ETH)
Private Key: 0xf214f2b2cd398c806f84e317254e0f0b801d0643303237d97a22a48e01628897

Account #11: 0x71bE63f3384f5fb98995898A86B02Fb2426c5788 (10000 ETH)
Private Key: 0x701b615bbdfb9de65240bc28bd21bbc0d996645a3dd57e7b12bc2bdf6f192c82

Account #12: 0xFABB0ac9d68B0B445fB7357272Ff202C5651694a (10000 ETH)
Private Key: 0xa267530f49f8280200edf313ee7af6b827f2a8bce2897751d06a843f644967b1

Account #13: 0x1CBd3b2770909D4e10f157cABC84C7264073C9Ec (10000 ETH)
Private Key: 0x47c99abed3324a2707c28affff1267e45918ec8c3f20b8aa892e8b065d2942dd

Account #14: 0xdF3e18d64BC6A983f673Ab319CCaE4f1a57C7097 (10000 ETH)
Private Key: 0xc526ee95bf44d8fc405a158bb884d9d1238d99f0612e9f33d006bb0789009aaa

Account #15: 0xcd3B766CCDd6AE721141F452C550Ca635964ce71 (10000 ETH)
Private Key: 0x8166f546bab6da521a8369cab06c5d2b9e46670292d85c875ee9ec20e84ffb61

Account #16: 0x2546BcD3c84621e976D8185a91A922aE77ECEc30 (10000 ETH)
Private Key: 0xea6c44ac03bff858b476bba40716402b03e41b8e97e276d1baec7c37d42484a0

Account #17: 0xbDA5747bFD65F08deb54cb465eB87D40e51B197E (10000 ETH)
Private Key: 0x689af8efa8c651a91ad287602527f3af2fe9f6501a7ac4b061667b5a93e037fd

Account #18: 0xdD2FD4581271e230360230F9337D5c0430Bf44C0 (10000 ETH)
Private Key: 0xde9be858da4a475276426320d5e9262ecfc3ba460bfac56360bfa6c4c28b4ee0

Account #19: 0x8626f6940E2eb28930eFb4CeF49B2d1F2C9C1199 (10000 ETH)
Private Key: 0xdf57089febbacf7ba0bc227dafbffa9fc08a93fdc68e1e42411a14efcf23656e

WARNING: These accounts, and their private keys, are publicly known.
Any funds sent to them on Mainnet or any other live network WILL BE LOST.

Mined empty block #1 with base fee 875000000
Mined empty block range #1 to #2
Mined empty block range #1 to #3
Mined empty block range #1 to #4
Mined empty block range #1 to #5
Mined empty block range #1 to #6
Mined empty block range #1 to #7
Mined empty block range #1 to #8
Mined empty block range #1 to #9
Mined empty block range #1 to #10
Mined empty block range #1 to #11
Mined empty block range #1 to #12
Mined empty block range #1 to #13
Mined empty block range #1 to #14
Mined empty block range #1 to #15
Mined empty block range #1 to #16
Mined empty block range #1 to #17
Mined empty block range #1 to #18
Mined empty block range #1 to #19
Mined empty block range #1 to #20
Mined empty block range #1 to #21
Mined empty block range #1 to #22
Mined empty block range #1 to #23
Mined empty block range #1 to #24
Mined empty block range #1 to #25
Mined empty block range #1 to #26
Mined empty block range #1 to #27
Mined empty block range #1 to #28
Mined empty block range #1 to #29
Mined empty block range #1 to #30
Mined empty block range #1 to #31
Mined empty block range #1 to #32
Mined empty block range #1 to #33
[32meth_chainId[0m
[32meth_chainId (2)[0m
[32meth_chainId (3)[0m
[32meth_accounts[0m
[32meth_blockNumber[0m
[32meth_chainId[0m
[32meth_chainId (2)[0m
[32meth_estimateGas[0m
[32meth_getBlockByNumber[0m
[32meth_feeHistory[0m
[32meth_maxPriorityFeePerGas[0m
[32meth_sendTransaction[0m
  Contract deployment: ProposalManager
  Contract address:    0x5fbdb2315678afecb367f032d93f642f64180aa3
  Transaction:         0xf159920e838412454feae51bd7ceeaf8c05273f619dca17ce42b1bd5c79d5c6d
  From:                0xf39fd6e51aad88f6f4ce6ab8827279cfffb92266
  Value:               0 ETH
  Gas used:            916375 of 916375
  Block #34:           0xc4e5b045800daa40f28b8a1dd7de7a8ffe5eac4521ed5798f9e888a3d8ff2515

[32meth_chainId[0m
[32meth_getTransactionByHash[0m
[32meth_chainId[0m
[32meth_getTransactionReceipt[0m
[32meth_chainId[0m
[32meth_estimateGas[0m
[32meth_feeHistory[0m
[32meth_sendTransaction[0m
  Contract call:       ProposalManager#createProposal
  Transaction:         0xd2f908eb6f3e096110d7d033379d6b0a05e22b101138390d3c5b7c4ab0381637
  From:                0xf39fd6e51aad88f6f4ce6ab8827279cfffb92266
  To:                  0x5fbdb2315678afecb367f032d93f642f64180aa3
  Value:               0 ETH
  Gas used:            208608 of 208608
  Block #35:           0x78a26a70dce464844edde2ce07ff89fa892165db98eb266340091e471be1fe7d

[32meth_chainId[0m
[32meth_getTransactionByHash[0m
[32meth_chainId[0m
[32meth_getTransactionReceipt[0m
Mined empty block #36 with base fee 8258970
Mined empty block range #36 to #37
Mined empty block range #36 to #38
Mined empty block range #36 to #39
Mined empty block range #36 to #40
Mined empty block range #36 to #41
Mined empty block range #36 to #42
Mined empty block range #36 to #43
Mined empty block range #36 to #44
Mined empty block range #36 to #45
Mined empty block range #36 to #46
Mined empty block range #36 to #47
Mined empty block range #36 to #48
Mined empty block range #36 to #49
Mined empty block range #36 to #50
Mined empty block range #36 to #51
Mined empty block range #36 to #52
Mined empty block range #36 to #53
Mined empty block range #36 to #54
Mined empty block range #36 to #55
Mined empty block range #36 to #56
Mined empty block range #36 to #57
Mined empty block range #36 to #58
Mined empty block range #36 to #59
Mined empty block range #36 to #60
Mined empty block range #36 to #61
Mined empty block range #36 to #62
Mined empty block range #36 to #63
Mined empty block range #36 to #64
Mined empty block range #36 to #65
Mined empty block range #36 to #66
Mined empty block range #36 to #67
Mined empty block range #36 to #68
Mined empty block range #36 to #69
Mined empty block range #36 to #70
Mined empty block range #36 to #71
Mined empty block range #36 to #72
Mined empty block range #36 to #73
Mined empty block range #36 to #74
Mined empty block range #36 to #75
Mined empty block range #36 to #76
Mined empty block range #36 to #77
Mined empty block range #36 to #78
Mined empty block range #36 to #79
Mined empty block range #36 to #80
Mined empty block range #36 to #81
Mined empty block range #36 to #82
Mined empty block range #36 to #83
Mined empty block range #36 to #84
Mined empty block range #36 to #85
Mined empty block range #36 to #86
Mined empty block range #36 to #87
Mined empty block range #36 to #88
Mined empty block range #36 to #89
Mined empty block range #36 to #90
Mined empty block range #36 to #91
Mined empty block range #36 to #92
Mined empty block range #36 to #93
Mined empty block range #36 to #94
Mined empty block range #36 to #95
Mined empty block range #36 to #96
Mined empty block range #36 to #97
Mined empty block range #36 to #98
Mined empty block range #36 to #99
Mined empty block range #36 to #100
Mined empty block range #36 to #101
Mined empty block range #36 to #102
Mined empty block range #36 to #103
Mined empty block range #36 to #104
Mined empty block range #36 to #105
Mined empty block range #36 to #106
Mined empty block range #36 to #107
Mined empty block range #36 to #108
Mined empty block range #36 to #109
Mined empty block range #36 to #110
Mined empty block range #36 to #111
Mined empty block range #36 to #112
Mined empty block range #36 to #113
Mined empty block range #36 to #114
Mined empty block range #36 to #115
Mined empty block range #36 to #116
Mined empty block range #36 to #117
Mined empty block range #36 to #118
Mined empty block range #36 to #119
Mined empty block range #36 to #120
Mined empty block range #36 to #121
Mined empty block range #36 to #122
Mined empty block range #36 to #123
Mined empty block range #36 to #124
Mined empty block range #36 to #125
Mined empty block range #36 to #126
Mined empty block range #36 to #127
Mined empty block range #36 to #128
Mined empty block range #36 to #129
Mined empty block range #36 to #130
Mined empty block range #36 to #131
Mined empty block range #36 to #132
Mined empty block range #36 to #133
Mined empty block range #36 to #134
Mined empty block range #36 to #135
Mined empty block range #36 to #136
Mined empty block range #36 to #137
Mined empty block range #36 to #138
Mined empty block range #36 to #139
Mined empty block range #36 to #140
Mined empty block range #36 to #141
Mined empty block range #36 to #142
Mined empty block range #36 to #143
Mined empty block range #36 to #144
Mined empty block range #36 to #145
Mined empty block range #36 to #146
Mined empty block range #36 to #147
Mined empty block range #36 to #148
Mined empty block range #36 to #149
Mined empty block range #36 to #150
Mined empty block range #36 to #151
Mined empty block range #36 to #152
Mined empty block range #36 to #153
Mined empty block range #36 to #154
Mined empty block range #36 to #155
Mined empty block range #36 to #156
Mined empty block range #36 to #157
Mined empty block range #36 to #158
Mined empty block range #36 to #159
Mined empty block range #36 to #160
Mined empty block range #36 to #161
Mined empty block range #36 to #162
Mined empty block range #36 to #163
Mined empty block range #36 to #164
Mined empty block range #36 to #165
Mined empty block range #36 to #166
Mined empty block range #36 to #167
Mined empty block range #36 to #168
Mined empty block range #36 to #169
Mined empty block range #36 to #170
Mined empty block range #36 to #171
Mined empty block range #36 to #172
Mined empty block range #36 to #173
Mined empty block range #36 to #174
Mined empty block range #36 to #175
Mined empty block range #36 to #176
Mined empty block range #36 to #177
Mined empty block range #36 to #178
Mined empty block range #36 to #179
Mined empty block range #36 to #180
Mined empty block range #36 to #181
Mined empty block range #36 to #182
Mined empty block range #36 to #183
Mined empty block range #36 to #184
Mined empty block range #36 to #185
Mined empty block range #36 to #186
Mined empty block range #36 to #187
Mined empty block range #36 to #188
Mined empty block range #36 to #189
Mined empty block range #36 to #190
Mined empty block range #36 to #191
Mined empty block range #36 to #192
Mined empty block range #36 to #193
Mined empty block range #36 to #194
Mined empty block range #36 to #195
Mined empty block range #36 to #196
Mined empty block range #36 to #197
Mined empty block range #36 to #198
Mined empty block range #36 to #199
Mined empty block range #36 to #200
Mined empty block range #36 to #201
Mined empty block range #36 to #202
Mined empty block range #36 to #203
Mined empty block range #36 to #204
Mined empty block range #36 to #205
Mined empty block range #36 to #206
Mined empty block range #36 to #207
Mined empty block range #36 to #208
Mined empty block range #36 to #209
Mined empty block range #36 to #210
Mined empty block range #36 to #211
Mined empty block range #36 to #212
Mined empty block range #36 to #213
Mined empty block range #36 to #214
Mined empty block range #36 to #215
Mined empty block range #36 to #216
Mined empty block range #36 to #217
Mined empty block range #36 to #218
Mined empty block range #36 to #219
Mined empty block range #36 to #220
Mined empty block range #36 to #221
Mined empty block range #36 to #222
Mined empty block range #36 to #223
Mined empty block range #36 to #224
Mined empty block range #36 to #225
Mined empty block range #36 to #226
Mined empty block range #36 to #227
Mined empty block range #36 to #228
Mined empty block range #36 to #229
Mined empty block range #36 to #230
Mined empty block range #36 to #231
Mined empty block range #36 to #232
Mined empty block range #36 to #233
Mined empty block range #36 to #234
Mined empty block range #36 to #235
Mined empty block range #36 to #236
Mined empty block range #36 to #237
Mined empty block range #36 to #238
Mined empty block range #36 to #239
Mined empty block range #36 to #240
Mined empty block range #36 to #241
Mined empty block range #36 to #242
Mined empty block range #36 to #243
Mined empty block range #36 to #244
Mined empty block range #36 to #245
Mined empty block range #36 to #246
Mined empty block range #36 to #247
Mined empty block range #36 to #248
Mined empty block range #36 to #249
Mined empty block range #36 to #250
Mined empty block range #36 to #251
Mined empty block range #36 to #252
Mined empty block range #36 to #253
Mined empty block range #36 to #254
Mined empty block range #36 to #255
Mined empty block range #36 to #256
Mined empty block range #36 to #257
Mined empty block range #36 to #258
Mined empty block range #36 to #259
Mined empty block range #36 to #260
Mined empty block range #36 to #261
Mined empty block range #36 to #262
Mined empty block range #36 to #263
Mined empty block range #36 to #264
Mined empty block range #36 to #265
Mined empty block range #36 to #266
Mined empty block range #36 to #267
Mined empty block range #36 to #268
Mined empty block range #36 to #269
Mined empty block range #36 to #270
Mined empty block range #36 to #271
Mined empty block range #36 to #272
Mined empty block range #36 to #273
Mined empty block range #36 to #274
Mined empty block range #36 to #275
Mined empty block range #36 to #276
Mined empty block range #36 to #277
Mined empty block range #36 to #278
Mined empty block range #36 to #279
Mined empty block range #36 to #280
Mined empty block range #36 to #281
Mined empty block range #36 to #282
Mined empty block range #36 to #283
Mined empty block range #36 to #284
Mined empty block range #36 to #285
Mined empty block range #36 to #286
Mined empty block range #36 to #287
Mined empty block range #36 to #288
Mined empty block range #36 to #289
Mined empty block range #36 to #290
Mined empty block range #36 to #291
Mined empty block range #36 to #292
Mined empty block range #36 to #293
Mined empty block range #36 to #294
Mined empty block range #36 to #295
Mined empty block range #36 to #296
Mined empty block range #36 to #297
Mined empty block range #36 to #298
Mined empty block range #36 to #299
Mined empty block range #36 to #300
Mined empty block range #36 to #301
Mined empty block range #36 to #302
Mined empty block range #36 to #303
Mined empty block range #36 to #304
Mined empty block range #36 to #305
Mined empty block range #36 to #306
Mined empty block range #36 to #307
Mined empty block range #36 to #308
Mined empty block range #36 to #309
Mined empty block range #36 to #310
Mined empty block range #36 to #311
Mined empty block range #36 to #312
Mined empty block range #36 to #313
Mined empty block range #36 to #314
Mined empty block range #36 to #315
Mined empty block range #36 to #316
Mined empty block range #36 to #317
Mined empty block range #36 to #318
Mined empty block range #36 to #319
Mined empty block range #36 to #320
